2021-01-18 16:04:18 Error: [Exception] Ya existe una factura con este código
Request URL: /uno/invoices/saveInvoice/
Stack Trace:
#0 [internal function]: InvoicesController->saveInvoice()
#1 /home/orna1114/public_html/uno/lib/Cake/Controller/Controller.php(490): ReflectionMethod->invokeArgs(Object(InvoicesController), Array)
#2 /home/orna1114/public_html/uno/lib/Cake/Routing/Dispatcher.php(191): Controller->invokeAction(Object(CakeRequest))
#3 /home/orna1114/public_html/uno/lib/Cake/Routing/Dispatcher.php(165): Dispatcher->_invoke(Object(InvoicesController), Object(CakeRequest))
#4 /home/orna1114/public_html/uno/app/webroot/index.php(108): Dispatcher->dispatch(Object(CakeRequest), Object(CakeResponse))
#5 {main}
2021-01-18 16:04:35 Error: [Exception] Ya existe una factura con este código
Request URL: /uno/invoices/saveInvoice/
Stack Trace:
#0 [internal function]: InvoicesController->saveInvoice()
#1 /home/orna1114/public_html/uno/lib/Cake/Controller/Controller.php(490): ReflectionMethod->invokeArgs(Object(InvoicesController), Array)
#2 /home/orna1114/public_html/uno/lib/Cake/Routing/Dispatcher.php(191): Controller->invokeAction(Object(CakeRequest))
#3 /home/orna1114/public_html/uno/lib/Cake/Routing/Dispatcher.php(165): Dispatcher->_invoke(Object(InvoicesController), Object(CakeRequest))
#4 /home/orna1114/public_html/uno/app/webroot/index.php(108): Dispatcher->dispatch(Object(CakeRequest), Object(CakeResponse))
#5 {main}
2021-01-23 12:41:48 Error: [Exception] Ya existe una factura con este código
Request URL: /uno/invoices/saveInvoice/
Stack Trace:
#0 [internal function]: InvoicesController->saveInvoice()
#1 /home/orna1114/public_html/uno/lib/Cake/Controller/Controller.php(490): ReflectionMethod->invokeArgs(Object(InvoicesController), Array)
#2 /home/orna1114/public_html/uno/lib/Cake/Routing/Dispatcher.php(191): Controller->invokeAction(Object(CakeRequest))
#3 /home/orna1114/public_html/uno/lib/Cake/Routing/Dispatcher.php(165): Dispatcher->_invoke(Object(InvoicesController), Object(CakeRequest))
#4 /home/orna1114/public_html/uno/app/webroot/index.php(108): Dispatcher->dispatch(Object(CakeRequest), Object(CakeResponse))
#5 {main}
2021-01-23 12:46:20 Error: [Exception] Ya existe una factura con este código
Request URL: /uno/invoices/saveInvoice/
Stack Trace:
#0 [internal function]: InvoicesController->saveInvoice()
#1 /home/orna1114/public_html/uno/lib/Cake/Controller/Controller.php(490): ReflectionMethod->invokeArgs(Object(InvoicesController), Array)
#2 /home/orna1114/public_html/uno/lib/Cake/Routing/Dispatcher.php(191): Controller->invokeAction(Object(CakeRequest))
#3 /home/orna1114/public_html/uno/lib/Cake/Routing/Dispatcher.php(165): Dispatcher->_invoke(Object(InvoicesController), Object(CakeRequest))
#4 /home/orna1114/public_html/uno/app/webroot/index.php(108): Dispatcher->dispatch(Object(CakeRequest), Object(CakeResponse))
#5 {main}
2021-01-28 15:21:39 Error: [Exception] Ya existe una factura con este código
Request URL: /uno/invoices/saveInvoice/
Stack Trace:
#0 [internal function]: InvoicesController->saveInvoice()
#1 /home/orna1114/public_html/uno/lib/Cake/Controller/Controller.php(490): ReflectionMethod->invokeArgs(Object(InvoicesController), Array)
#2 /home/orna1114/public_html/uno/lib/Cake/Routing/Dispatcher.php(191): Controller->invokeAction(Object(CakeRequest))
#3 /home/orna1114/public_html/uno/lib/Cake/Routing/Dispatcher.php(165): Dispatcher->_invoke(Object(InvoicesController), Object(CakeRequest))
#4 /home/orna1114/public_html/uno/app/webroot/index.php(108): Dispatcher->dispatch(Object(CakeRequest), Object(CakeResponse))
#5 {main}
2021-03-02 14:18:04 Error: [Exception] Ya existe una factura con este código
Request URL: /uno/invoices/saveInvoice/
Stack Trace:
#0 [internal function]: InvoicesController->saveInvoice()
#1 /home/orna1114/public_html/uno/lib/Cake/Controller/Controller.php(490): ReflectionMethod->invokeArgs(Object(InvoicesController), Array)
#2 /home/orna1114/public_html/uno/lib/Cake/Routing/Dispatcher.php(191): Controller->invokeAction(Object(CakeRequest))
#3 /home/orna1114/public_html/uno/lib/Cake/Routing/Dispatcher.php(165): Dispatcher->_invoke(Object(InvoicesController), Object(CakeRequest))
#4 /home/orna1114/public_html/uno/app/webroot/index.php(108): Dispatcher->dispatch(Object(CakeRequest), Object(CakeResponse))
#5 {main}
2021-03-22 15:44:40 Error: [NotFoundException] Invalid invoice
Request URL: /uno/invoices/deleteInvoiceFromPaymentReceipt/
Stack Trace:
#0 [internal function]: InvoicesController->deleteInvoiceFromPaymentReceipt()
#1 /home/orna1114/public_html/uno/lib/Cake/Controller/Controller.php(490): ReflectionMethod->invokeArgs(Object(InvoicesController), Array)
#2 /home/orna1114/public_html/uno/lib/Cake/Routing/Dispatcher.php(191): Controller->invokeAction(Object(CakeRequest))
#3 /home/orna1114/public_html/uno/lib/Cake/Routing/Dispatcher.php(165): Dispatcher->_invoke(Object(InvoicesController), Object(CakeRequest))
#4 /home/orna1114/public_html/uno/app/webroot/index.php(108): Dispatcher->dispatch(Object(CakeRequest), Object(CakeResponse))
#5 {main}
2021-03-30 16:50:57 Error: [NotFoundException] Invalid invoice
Request URL: /uno/invoices/deleteInvoiceFromPaymentReceipt/
Stack Trace:
#0 [internal function]: InvoicesController->deleteInvoiceFromPaymentReceipt()
#1 /home/orna1114/public_html/uno/lib/Cake/Controller/Controller.php(490): ReflectionMethod->invokeArgs(Object(InvoicesController), Array)
#2 /home/orna1114/public_html/uno/lib/Cake/Routing/Dispatcher.php(191): Controller->invokeAction(Object(CakeRequest))
#3 /home/orna1114/public_html/uno/lib/Cake/Routing/Dispatcher.php(165): Dispatcher->_invoke(Object(InvoicesController), Object(CakeRequest))
#4 /home/orna1114/public_html/uno/app/webroot/index.php(108): Dispatcher->dispatch(Object(CakeRequest), Object(CakeResponse))
#5 {main}
2021-04-07 14:23:15 Error: [NotFoundException] Invalid invoice
Request URL: /uno/invoices/deleteInvoiceFromPaymentReceipt/
Stack Trace:
#0 [internal function]: InvoicesController->deleteInvoiceFromPaymentReceipt()
#1 /home/orna1114/public_html/uno/lib/Cake/Controller/Controller.php(490): ReflectionMethod->invokeArgs(Object(InvoicesController), Array)
#2 /home/orna1114/public_html/uno/lib/Cake/Routing/Dispatcher.php(191): Controller->invokeAction(Object(CakeRequest))
#3 /home/orna1114/public_html/uno/lib/Cake/Routing/Dispatcher.php(165): Dispatcher->_invoke(Object(InvoicesController), Object(CakeRequest))
#4 /home/orna1114/public_html/uno/app/webroot/index.php(108): Dispatcher->dispatch(Object(CakeRequest), Object(CakeResponse))
#5 {main}
2021-04-07 14:23:20 Error: [NotFoundException] Invalid invoice
Request URL: /uno/invoices/deleteInvoiceFromPaymentReceipt/
Stack Trace:
#0 [internal function]: InvoicesController->deleteInvoiceFromPaymentReceipt()
#1 /home/orna1114/public_html/uno/lib/Cake/Controller/Controller.php(490): ReflectionMethod->invokeArgs(Object(InvoicesController), Array)
#2 /home/orna1114/public_html/uno/lib/Cake/Routing/Dispatcher.php(191): Controller->invokeAction(Object(CakeRequest))
#3 /home/orna1114/public_html/uno/lib/Cake/Routing/Dispatcher.php(165): Dispatcher->_invoke(Object(InvoicesController), Object(CakeRequest))
#4 /home/orna1114/public_html/uno/app/webroot/index.php(108): Dispatcher->dispatch(Object(CakeRequest), Object(CakeResponse))
#5 {main}
2021-04-07 14:24:07 Error: [NotFoundException] Invalid invoice
Request URL: /uno/invoices/deleteInvoiceFromPaymentReceipt/
Stack Trace:
#0 [internal function]: InvoicesController->deleteInvoiceFromPaymentReceipt()
#1 /home/orna1114/public_html/uno/lib/Cake/Controller/Controller.php(490): ReflectionMethod->invokeArgs(Object(InvoicesController), Array)
#2 /home/orna1114/public_html/uno/lib/Cake/Routing/Dispatcher.php(191): Controller->invokeAction(Object(CakeRequest))
#3 /home/orna1114/public_html/uno/lib/Cake/Routing/Dispatcher.php(165): Dispatcher->_invoke(Object(InvoicesController), Object(CakeRequest))
#4 /home/orna1114/public_html/uno/app/webroot/index.php(108): Dispatcher->dispatch(Object(CakeRequest), Object(CakeResponse))
#5 {main}
2021-04-07 14:24:12 Error: [NotFoundException] Invalid invoice
Request URL: /uno/invoices/deleteInvoiceFromPaymentReceipt/
Stack Trace:
#0 [internal function]: InvoicesController->deleteInvoiceFromPaymentReceipt()
#1 /home/orna1114/public_html/uno/lib/Cake/Controller/Controller.php(490): ReflectionMethod->invokeArgs(Object(InvoicesController), Array)
#2 /home/orna1114/public_html/uno/lib/Cake/Routing/Dispatcher.php(191): Controller->invokeAction(Object(CakeRequest))
#3 /home/orna1114/public_html/uno/lib/Cake/Routing/Dispatcher.php(165): Dispatcher->_invoke(Object(InvoicesController), Object(CakeRequest))
#4 /home/orna1114/public_html/uno/app/webroot/index.php(108): Dispatcher->dispatch(Object(CakeRequest), Object(CakeResponse))
#5 {main}
2021-04-20 16:07:33 Error: [Exception] Ya existe una factura con este código
Request URL: /uno/invoices/saveInvoice/
Stack Trace:
#0 [internal function]: InvoicesController->saveInvoice()
#1 /home/orna1114/public_html/uno/lib/Cake/Controller/Controller.php(490): ReflectionMethod->invokeArgs(Object(InvoicesController), Array)
#2 /home/orna1114/public_html/uno/lib/Cake/Routing/Dispatcher.php(191): Controller->invokeAction(Object(CakeRequest))
#3 /home/orna1114/public_html/uno/lib/Cake/Routing/Dispatcher.php(165): Dispatcher->_invoke(Object(InvoicesController), Object(CakeRequest))
#4 /home/orna1114/public_html/uno/app/webroot/index.php(108): Dispatcher->dispatch(Object(CakeRequest), Object(CakeResponse))
#5 {main}
2021-04-21 15:42:33 Error: [Exception] Ya existe una factura con este código
Request URL: /uno/invoices/saveInvoice/
Stack Trace:
#0 [internal function]: InvoicesController->saveInvoice()
#1 /home/orna1114/public_html/uno/lib/Cake/Controller/Controller.php(490): ReflectionMethod->invokeArgs(Object(InvoicesController), Array)
#2 /home/orna1114/public_html/uno/lib/Cake/Routing/Dispatcher.php(191): Controller->invokeAction(Object(CakeRequest))
#3 /home/orna1114/public_html/uno/lib/Cake/Routing/Dispatcher.php(165): Dispatcher->_invoke(Object(InvoicesController), Object(CakeRequest))
#4 /home/orna1114/public_html/uno/app/webroot/index.php(108): Dispatcher->dispatch(Object(CakeRequest), Object(CakeResponse))
#5 {main}
2021-04-21 15:47:29 Error: [Exception] Ya existe una factura con este código
Request URL: /uno/invoices/saveInvoice/
Stack Trace:
#0 [internal function]: InvoicesController->saveInvoice()
#1 /home/orna1114/public_html/uno/lib/Cake/Controller/Controller.php(490): ReflectionMethod->invokeArgs(Object(InvoicesController), Array)
#2 /home/orna1114/public_html/uno/lib/Cake/Routing/Dispatcher.php(191): Controller->invokeAction(Object(CakeRequest))
#3 /home/orna1114/public_html/uno/lib/Cake/Routing/Dispatcher.php(165): Dispatcher->_invoke(Object(InvoicesController), Object(CakeRequest))
#4 /home/orna1114/public_html/uno/app/webroot/index.php(108): Dispatcher->dispatch(Object(CakeRequest), Object(CakeResponse))
#5 {main}
2021-04-22 15:16:07 Error: [NotFoundException] Invalid invoice
Request URL: /uno/invoices/deleteInvoiceFromPaymentReceipt/
Stack Trace:
#0 [internal function]: InvoicesController->deleteInvoiceFromPaymentReceipt()
#1 /home/orna1114/public_html/uno/lib/Cake/Controller/Controller.php(490): ReflectionMethod->invokeArgs(Object(InvoicesController), Array)
#2 /home/orna1114/public_html/uno/lib/Cake/Routing/Dispatcher.php(191): Controller->invokeAction(Object(CakeRequest))
#3 /home/orna1114/public_html/uno/lib/Cake/Routing/Dispatcher.php(165): Dispatcher->_invoke(Object(InvoicesController), Object(CakeRequest))
#4 /home/orna1114/public_html/uno/app/webroot/index.php(108): Dispatcher->dispatch(Object(CakeRequest), Object(CakeResponse))
#5 {main}
2021-05-20 12:00:07 Error: [NotFoundException] Invalid invoice
Request URL: /uno/invoices/deleteInvoiceFromPaymentReceipt/
Stack Trace:
#0 [internal function]: InvoicesController->deleteInvoiceFromPaymentReceipt()
#1 /home/orna1114/public_html/uno/lib/Cake/Controller/Controller.php(490): ReflectionMethod->invokeArgs(Object(InvoicesController), Array)
#2 /home/orna1114/public_html/uno/lib/Cake/Routing/Dispatcher.php(191): Controller->invokeAction(Object(CakeRequest))
#3 /home/orna1114/public_html/uno/lib/Cake/Routing/Dispatcher.php(165): Dispatcher->_invoke(Object(InvoicesController), Object(CakeRequest))
#4 /home/orna1114/public_html/uno/app/webroot/index.php(108): Dispatcher->dispatch(Object(CakeRequest), Object(CakeResponse))
#5 {main}
2021-06-22 15:14:44 Error: [NotFoundException] Invalid invoice
Request URL: /uno/invoices/deleteInvoiceFromPaymentReceipt/
Stack Trace:
#0 [internal function]: InvoicesController->deleteInvoiceFromPaymentReceipt()
#1 /home/orna1114/public_html/uno/lib/Cake/Controller/Controller.php(490): ReflectionMethod->invokeArgs(Object(InvoicesController), Array)
#2 /home/orna1114/public_html/uno/lib/Cake/Routing/Dispatcher.php(191): Controller->invokeAction(Object(CakeRequest))
#3 /home/orna1114/public_html/uno/lib/Cake/Routing/Dispatcher.php(165): Dispatcher->_invoke(Object(InvoicesController), Object(CakeRequest))
#4 /home/orna1114/public_html/uno/app/webroot/index.php(108): Dispatcher->dispatch(Object(CakeRequest), Object(CakeResponse))
#5 {main}
2021-06-22 16:38:29 Error: [NotFoundException] Invalid invoice
Request URL: /uno/invoices/deleteInvoiceFromPaymentReceipt/
Stack Trace:
#0 [internal function]: InvoicesController->deleteInvoiceFromPaymentReceipt()
#1 /home/orna1114/public_html/uno/lib/Cake/Controller/Controller.php(490): ReflectionMethod->invokeArgs(Object(InvoicesController), Array)
#2 /home/orna1114/public_html/uno/lib/Cake/Routing/Dispatcher.php(191): Controller->invokeAction(Object(CakeRequest))
#3 /home/orna1114/public_html/uno/lib/Cake/Routing/Dispatcher.php(165): Dispatcher->_invoke(Object(InvoicesController), Object(CakeRequest))
#4 /home/orna1114/public_html/uno/app/webroot/index.php(108): Dispatcher->dispatch(Object(CakeRequest), Object(CakeResponse))
#5 {main}
2021-06-22 16:39:52 Error: [NotFoundException] Invalid invoice
Request URL: /uno/invoices/deleteInvoiceFromPaymentReceipt/
Stack Trace:
#0 [internal function]: InvoicesController->deleteInvoiceFromPaymentReceipt()
#1 /home/orna1114/public_html/uno/lib/Cake/Controller/Controller.php(490): ReflectionMethod->invokeArgs(Object(InvoicesController), Array)
#2 /home/orna1114/public_html/uno/lib/Cake/Routing/Dispatcher.php(191): Controller->invokeAction(Object(CakeRequest))
#3 /home/orna1114/public_html/uno/lib/Cake/Routing/Dispatcher.php(165): Dispatcher->_invoke(Object(InvoicesController), Object(CakeRequest))
#4 /home/orna1114/public_html/uno/app/webroot/index.php(108): Dispatcher->dispatch(Object(CakeRequest), Object(CakeResponse))
#5 {main}
2021-07-09 16:32:27 Error: [Exception] Ya existe una factura con este código
Request URL: /uno/invoices/saveInvoice/
Stack Trace:
#0 [internal function]: InvoicesController->saveInvoice()
#1 /home/orna1114/public_html/uno/lib/Cake/Controller/Controller.php(490): ReflectionMethod->invokeArgs(Object(InvoicesController), Array)
#2 /home/orna1114/public_html/uno/lib/Cake/Routing/Dispatcher.php(191): Controller->invokeAction(Object(CakeRequest))
#3 /home/orna1114/public_html/uno/lib/Cake/Routing/Dispatcher.php(165): Dispatcher->_invoke(Object(InvoicesController), Object(CakeRequest))
#4 /home/orna1114/public_html/uno/app/webroot/index.php(108): Dispatcher->dispatch(Object(CakeRequest), Object(CakeResponse))
#5 {main}
2021-07-09 16:32:48 Error: [Exception] Ya existe una factura con este código
Request URL: /uno/invoices/saveInvoice/
Stack Trace:
#0 [internal function]: InvoicesController->saveInvoice()
#1 /home/orna1114/public_html/uno/lib/Cake/Controller/Controller.php(490): ReflectionMethod->invokeArgs(Object(InvoicesController), Array)
#2 /home/orna1114/public_html/uno/lib/Cake/Routing/Dispatcher.php(191): Controller->invokeAction(Object(CakeRequest))
#3 /home/orna1114/public_html/uno/lib/Cake/Routing/Dispatcher.php(165): Dispatcher->_invoke(Object(InvoicesController), Object(CakeRequest))
#4 /home/orna1114/public_html/uno/app/webroot/index.php(108): Dispatcher->dispatch(Object(CakeRequest), Object(CakeResponse))
#5 {main}
2021-07-09 16:33:55 Error: [Exception] Ya existe una factura con este código
Request URL: /uno/invoices/saveInvoice/
Stack Trace:
#0 [internal function]: InvoicesController->saveInvoice()
#1 /home/orna1114/public_html/uno/lib/Cake/Controller/Controller.php(490): ReflectionMethod->invokeArgs(Object(InvoicesController), Array)
#2 /home/orna1114/public_html/uno/lib/Cake/Routing/Dispatcher.php(191): Controller->invokeAction(Object(CakeRequest))
#3 /home/orna1114/public_html/uno/lib/Cake/Routing/Dispatcher.php(165): Dispatcher->_invoke(Object(InvoicesController), Object(CakeRequest))
#4 /home/orna1114/public_html/uno/app/webroot/index.php(108): Dispatcher->dispatch(Object(CakeRequest), Object(CakeResponse))
#5 {main}
2021-07-09 16:35:14 Error: [Exception] Ya existe una factura con este código
Request URL: /uno/invoices/saveInvoice/
Stack Trace:
#0 [internal function]: InvoicesController->saveInvoice()
#1 /home/orna1114/public_html/uno/lib/Cake/Controller/Controller.php(490): ReflectionMethod->invokeArgs(Object(InvoicesController), Array)
#2 /home/orna1114/public_html/uno/lib/Cake/Routing/Dispatcher.php(191): Controller->invokeAction(Object(CakeRequest))
#3 /home/orna1114/public_html/uno/lib/Cake/Routing/Dispatcher.php(165): Dispatcher->_invoke(Object(InvoicesController), Object(CakeRequest))
#4 /home/orna1114/public_html/uno/app/webroot/index.php(108): Dispatcher->dispatch(Object(CakeRequest), Object(CakeResponse))
#5 {main}
2021-07-09 16:37:58 Error: [Exception] Ya existe una factura con este código
Request URL: /uno/invoices/saveInvoice/
Stack Trace:
#0 [internal function]: InvoicesController->saveInvoice()
#1 /home/orna1114/public_html/uno/lib/Cake/Controller/Controller.php(490): ReflectionMethod->invokeArgs(Object(InvoicesController), Array)
#2 /home/orna1114/public_html/uno/lib/Cake/Routing/Dispatcher.php(191): Controller->invokeAction(Object(CakeRequest))
#3 /home/orna1114/public_html/uno/lib/Cake/Routing/Dispatcher.php(165): Dispatcher->_invoke(Object(InvoicesController), Object(CakeRequest))
#4 /home/orna1114/public_html/uno/app/webroot/index.php(108): Dispatcher->dispatch(Object(CakeRequest), Object(CakeResponse))
#5 {main}
2021-07-15 13:37:48 Error: [Exception] Ya existe una factura con este código
Request URL: /uno/invoices/saveInvoice/
Stack Trace:
#0 [internal function]: InvoicesController->saveInvoice()
#1 /home/orna1114/public_html/uno/lib/Cake/Controller/Controller.php(490): ReflectionMethod->invokeArgs(Object(InvoicesController), Array)
#2 /home/orna1114/public_html/uno/lib/Cake/Routing/Dispatcher.php(191): Controller->invokeAction(Object(CakeRequest))
#3 /home/orna1114/public_html/uno/lib/Cake/Routing/Dispatcher.php(165): Dispatcher->_invoke(Object(InvoicesController), Object(CakeRequest))
#4 /home/orna1114/public_html/uno/app/webroot/index.php(108): Dispatcher->dispatch(Object(CakeRequest), Object(CakeResponse))
#5 {main}
2021-07-15 14:06:24 Error: [NotFoundException] Invalid invoice
Request URL: /uno/invoices/deleteInvoiceFromPaymentReceipt/
Stack Trace:
#0 [internal function]: InvoicesController->deleteInvoiceFromPaymentReceipt()
#1 /home/orna1114/public_html/uno/lib/Cake/Controller/Controller.php(490): ReflectionMethod->invokeArgs(Object(InvoicesController), Array)
#2 /home/orna1114/public_html/uno/lib/Cake/Routing/Dispatcher.php(191): Controller->invokeAction(Object(CakeRequest))
#3 /home/orna1114/public_html/uno/lib/Cake/Routing/Dispatcher.php(165): Dispatcher->_invoke(Object(InvoicesController), Object(CakeRequest))
#4 /home/orna1114/public_html/uno/app/webroot/index.php(108): Dispatcher->dispatch(Object(CakeRequest), Object(CakeResponse))
#5 {main}
2021-08-04 14:06:38 Error: [NotFoundException] Invalid invoice
Request URL: /uno/invoices/deleteInvoiceFromPaymentReceipt/
Stack Trace:
#0 [internal function]: InvoicesController->deleteInvoiceFromPaymentReceipt()
#1 /home/orna1114/public_html/uno/lib/Cake/Controller/Controller.php(490): ReflectionMethod->invokeArgs(Object(InvoicesController), Array)
#2 /home/orna1114/public_html/uno/lib/Cake/Routing/Dispatcher.php(191): Controller->invokeAction(Object(CakeRequest))
#3 /home/orna1114/public_html/uno/lib/Cake/Routing/Dispatcher.php(165): Dispatcher->_invoke(Object(InvoicesController), Object(CakeRequest))
#4 /home/orna1114/public_html/uno/app/webroot/index.php(108): Dispatcher->dispatch(Object(CakeRequest), Object(CakeResponse))
#5 {main}
2021-08-09 16:02:06 Error: [Exception] Ya existe una factura con este código
Request URL: /uno/invoices/saveInvoice/
Stack Trace:
#0 [internal function]: InvoicesController->saveInvoice()
#1 /home/orna1114/public_html/uno/lib/Cake/Controller/Controller.php(490): ReflectionMethod->invokeArgs(Object(InvoicesController), Array)
#2 /home/orna1114/public_html/uno/lib/Cake/Routing/Dispatcher.php(191): Controller->invokeAction(Object(CakeRequest))
#3 /home/orna1114/public_html/uno/lib/Cake/Routing/Dispatcher.php(165): Dispatcher->_invoke(Object(InvoicesController), Object(CakeRequest))
#4 /home/orna1114/public_html/uno/app/webroot/index.php(108): Dispatcher->dispatch(Object(CakeRequest), Object(CakeResponse))
#5 {main}
2021-08-09 16:35:43 Error: [Exception] Ya existe una factura con este código
Request URL: /uno/invoices/saveInvoice/
Stack Trace:
#0 [internal function]: InvoicesController->saveInvoice()
#1 /home/orna1114/public_html/uno/lib/Cake/Controller/Controller.php(490): ReflectionMethod->invokeArgs(Object(InvoicesController), Array)
#2 /home/orna1114/public_html/uno/lib/Cake/Routing/Dispatcher.php(191): Controller->invokeAction(Object(CakeRequest))
#3 /home/orna1114/public_html/uno/lib/Cake/Routing/Dispatcher.php(165): Dispatcher->_invoke(Object(InvoicesController), Object(CakeRequest))
#4 /home/orna1114/public_html/uno/app/webroot/index.php(108): Dispatcher->dispatch(Object(CakeRequest), Object(CakeResponse))
#5 {main}
2021-09-06 16:38:33 Error: [NotFoundException] Invalid invoice
Request URL: /uno/invoices/deleteInvoiceFromPaymentReceipt/
Stack Trace:
#0 [internal function]: InvoicesController->deleteInvoiceFromPaymentReceipt()
#1 /home/orna1114/public_html/uno/lib/Cake/Controller/Controller.php(490): ReflectionMethod->invokeArgs(Object(InvoicesController), Array)
#2 /home/orna1114/public_html/uno/lib/Cake/Routing/Dispatcher.php(191): Controller->invokeAction(Object(CakeRequest))
#3 /home/orna1114/public_html/uno/lib/Cake/Routing/Dispatcher.php(165): Dispatcher->_invoke(Object(InvoicesController), Object(CakeRequest))
#4 /home/orna1114/public_html/uno/app/webroot/index.php(108): Dispatcher->dispatch(Object(CakeRequest), Object(CakeResponse))
#5 {main}
2021-09-07 10:41:18 Error: [Exception] Ya existe una factura con este código
Request URL: /uno/invoices/saveInvoice/
Stack Trace:
#0 [internal function]: InvoicesController->saveInvoice()
#1 /home/orna1114/public_html/uno/lib/Cake/Controller/Controller.php(490): ReflectionMethod->invokeArgs(Object(InvoicesController), Array)
#2 /home/orna1114/public_html/uno/lib/Cake/Routing/Dispatcher.php(191): Controller->invokeAction(Object(CakeRequest))
#3 /home/orna1114/public_html/uno/lib/Cake/Routing/Dispatcher.php(165): Dispatcher->_invoke(Object(InvoicesController), Object(CakeRequest))
#4 /home/orna1114/public_html/uno/app/webroot/index.php(108): Dispatcher->dispatch(Object(CakeRequest), Object(CakeResponse))
#5 {main}
2021-09-07 13:09:20 Error: [NotFoundException] Invalid invoice
Request URL: /uno/invoices/deleteInvoiceFromPaymentReceipt/
Stack Trace:
#0 [internal function]: InvoicesController->deleteInvoiceFromPaymentReceipt()
#1 /home/orna1114/public_html/uno/lib/Cake/Controller/Controller.php(490): ReflectionMethod->invokeArgs(Object(InvoicesController), Array)
#2 /home/orna1114/public_html/uno/lib/Cake/Routing/Dispatcher.php(191): Controller->invokeAction(Object(CakeRequest))
#3 /home/orna1114/public_html/uno/lib/Cake/Routing/Dispatcher.php(165): Dispatcher->_invoke(Object(InvoicesController), Object(CakeRequest))
#4 /home/orna1114/public_html/uno/app/webroot/index.php(108): Dispatcher->dispatch(Object(CakeRequest), Object(CakeResponse))
#5 {main}
2021-09-07 14:52:42 Error: [Exception] Ya existe una factura con este código
Request URL: /uno/invoices/saveInvoice/
Stack Trace:
#0 [internal function]: InvoicesController->saveInvoice()
#1 /home/orna1114/public_html/uno/lib/Cake/Controller/Controller.php(490): ReflectionMethod->invokeArgs(Object(InvoicesController), Array)
#2 /home/orna1114/public_html/uno/lib/Cake/Routing/Dispatcher.php(191): Controller->invokeAction(Object(CakeRequest))
#3 /home/orna1114/public_html/uno/lib/Cake/Routing/Dispatcher.php(165): Dispatcher->_invoke(Object(InvoicesController), Object(CakeRequest))
#4 /home/orna1114/public_html/uno/app/webroot/index.php(108): Dispatcher->dispatch(Object(CakeRequest), Object(CakeResponse))
#5 {main}
2021-11-11 14:05:06 Error: [Exception] Ya existe una factura con este código
Request URL: /uno/invoices/saveInvoice/
Stack Trace:
#0 [internal function]: InvoicesController->saveInvoice()
#1 /home/orna1114/public_html/uno/lib/Cake/Controller/Controller.php(490): ReflectionMethod->invokeArgs(Object(InvoicesController), Array)
#2 /home/orna1114/public_html/uno/lib/Cake/Routing/Dispatcher.php(191): Controller->invokeAction(Object(CakeRequest))
#3 /home/orna1114/public_html/uno/lib/Cake/Routing/Dispatcher.php(165): Dispatcher->_invoke(Object(InvoicesController), Object(CakeRequest))
#4 /home/orna1114/public_html/uno/app/webroot/index.php(108): Dispatcher->dispatch(Object(CakeRequest), Object(CakeResponse))
#5 {main}
2021-11-24 12:36:39 Error: [Exception] Ya existe una factura con este código
Request URL: /uno/invoices/saveInvoice/
Stack Trace:
#0 [internal function]: InvoicesController->saveInvoice()
#1 /home/orna1114/public_html/uno/lib/Cake/Controller/Controller.php(490): ReflectionMethod->invokeArgs(Object(InvoicesController), Array)
#2 /home/orna1114/public_html/uno/lib/Cake/Routing/Dispatcher.php(191): Controller->invokeAction(Object(CakeRequest))
#3 /home/orna1114/public_html/uno/lib/Cake/Routing/Dispatcher.php(165): Dispatcher->_invoke(Object(InvoicesController), Object(CakeRequest))
#4 /home/orna1114/public_html/uno/app/webroot/index.php(108): Dispatcher->dispatch(Object(CakeRequest), Object(CakeResponse))
#5 {main}
2022-01-26 14:58:29 Error: [Exception] Ya existe una factura con este código
Request URL: /uno/invoices/saveInvoice/
Stack Trace:
#0 [internal function]: InvoicesController->saveInvoice()
#1 /home/orna1114/public_html/uno/lib/Cake/Controller/Controller.php(490): ReflectionMethod->invokeArgs(Object(InvoicesController), Array)
#2 /home/orna1114/public_html/uno/lib/Cake/Routing/Dispatcher.php(191): Controller->invokeAction(Object(CakeRequest))
#3 /home/orna1114/public_html/uno/lib/Cake/Routing/Dispatcher.php(165): Dispatcher->_invoke(Object(InvoicesController), Object(CakeRequest))
#4 /home/orna1114/public_html/uno/app/webroot/index.php(108): Dispatcher->dispatch(Object(CakeRequest), Object(CakeResponse))
#5 {main}
